@I [HLS-0] Workspace C:/Users/Justin/Documents/GitHub/fpga-trace/hls/triangle_intersect/tri_intersect opened at Sat May 07 03:54:30 -0400 2016
@I [HLS-100] Command "config_clock -quiet -name default -period 5 -default=false "
@I [SYN-201] Setting up clock 'default' with a period of 5ns.
@I [HLS-100] Command 'config_clock' returned 0; elapsed 0Total elapsed time: 0.376 sec.
@I [HLS-100] Command "open_platform DefaultPlatform "
@I [HLS-100] Command 'open_platform' returned 0; elapsed 0Total elapsed time: 0.377 sec.
@I [HLS-100] Command "import_lib C:/Xilinx/Vivado_HLS/2015.1/common/technology/xilinx/zynq/zynq "
@I [HLS-100] Command "source C:/Xilinx/Vivado_HLS/2015.1/common/technology/xilinx/common/xilinx.lib "
@I [HLS-100] Command "source C:/Xilinx/Vivado_HLS/2015.1/common/technology/xilinx/interface/xilinx_interface.lib "
@I [HLS-100] Command "source C:/Xilinx/Vivado_HLS/2015.1/common/technology/xilinx/interface/plb46.lib "
@I [HLS-100] Command 'ap_source' returned 0; elapsed 0Total elapsed time: 0.378 sec.
@I [HLS-100] Command "source C:/Xilinx/Vivado_HLS/2015.1/common/technology/xilinx/interface/fsl.lib "
@I [HLS-100] Command 'ap_source' returned 0; elapsed 0Total elapsed time: 0.378 sec.
@I [HLS-100] Command "source C:/Xilinx/Vivado_HLS/2015.1/common/technology/xilinx/interface/axi4.lib "
@I [HLS-100] Command 'ap_source' returned 0; elapsed 0Total elapsed time: 0.378 sec.
@I [HLS-100] Command "source C:/Xilinx/Vivado_HLS/2015.1/common/technology/xilinx/interface/maxi.lib "
@I [HLS-100] Command 'ap_source' returned 0; elapsed 0.001Total elapsed time: 0.378 sec.
@I [HLS-100] Command "source C:/Xilinx/Vivado_HLS/2015.1/common/technology/xilinx/interface/saxilite.lib "
@I [HLS-100] Command 'ap_source' returned 0; elapsed 0Total elapsed time: 0.378 sec.
@I [HLS-100] Command 'ap_source' returned 0; elapsed 0.001Total elapsed time: 0.378 sec.
@I [HLS-100] Command "source C:/Xilinx/Vivado_HLS/2015.1/common/technology/xilinx/common/dsp48.lib "
@I [HLS-100] Command 'ap_source' returned 0; elapsed 0Total elapsed time: 0.378 sec.
@I [HLS-100] Command "source C:/Xilinx/Vivado_HLS/2015.1/common/technology/xilinx/ip/dds_compiler.lib "
@I [HLS-100] Command 'ap_source' returned 0; elapsed 0Total elapsed time: 0.379 sec.
@I [HLS-100] Command "source C:/Xilinx/Vivado_HLS/2015.1/common/technology/xilinx/ip/xfft.lib "
@I [HLS-100] Command 'ap_source' returned 0; elapsed 0Total elapsed time: 0.379 sec.
@I [HLS-100] Command "source C:/Xilinx/Vivado_HLS/2015.1/common/technology/xilinx/ip/xfir.lib "
@I [HLS-100] Command 'ap_source' returned 0; elapsed 0Total elapsed time: 0.379 sec.
@I [HLS-100] Command 'ap_source' returned 0; elapsed 0.002Total elapsed time: 0.380 sec.
@I [HLS-100] Command "source C:/Xilinx/Vivado_HLS/2015.1/common/technology/xilinx/common/xilinx_old.lib "
@I [HLS-100] Command 'ap_source' returned 0; elapsed 0Total elapsed time: 0.381 sec.
@I [HLS-100] Command "source C:/Xilinx/Vivado_HLS/2015.1/common/technology/xilinx/common/xilinx_vivado.lib "
@I [HLS-100] Command 'ap_source' returned 0; elapsed 0Total elapsed time: 0.381 sec.
@I [HLS-100] Command "source C:/Xilinx/Vivado_HLS/2015.1/common/technology/xilinx/common/xilinx.hlp "
@I [HLS-100] Command "source C:/Xilinx/Vivado_HLS/2015.1/common/technology/xilinx/common/target_info.tcl "
@I [HLS-100] Command 'ap_source' returned 0; elapsed 0.001Total elapsed time: 0.383 sec.
@I [HLS-100] Command "source C:/Xilinx/Vivado_HLS/2015.1/common/technology/xilinx/interface/xilinx_interface.hlp "
@I [HLS-100] Command "source C:/Xilinx/Vivado_HLS/2015.1/common/technology/xilinx/interface/maxi.hlp "
@I [HLS-100] Command 'ap_source' returned 0; elapsed 0Total elapsed time: 0.383 sec.
@I [HLS-100] Command "source C:/Xilinx/Vivado_HLS/2015.1/common/technology/xilinx/interface/saxilite.hlp "
@I [HLS-100] Command 'ap_source' returned 0; elapsed 0Total elapsed time: 0.383 sec.
@I [HLS-100] Command 'ap_source' returned 0; elapsed 0Total elapsed time: 0.383 sec.
@I [HLS-100] Command "source C:/Xilinx/Vivado_HLS/2015.1/common/technology/xilinx/common/dsp48.hlp "
@I [HLS-100] Command 'ap_source' returned 0; elapsed 0.001Total elapsed time: 0.384 sec.
@I [HLS-100] Command 'ap_source' returned 0; elapsed 0.002Total elapsed time: 0.384 sec.
@I [HLS-100] Command "source C:/Xilinx/Vivado_HLS/2015.1/common/technology/xilinx/zynq/dsp48e1.hlp "
@I [HLS-100] Command 'ap_source' returned 0; elapsed 0Total elapsed time: 0.384 sec.
@I [HLS-100] Command "get_default_platform "
@I [HLS-100] Command 'get_default_platform' returned 0; elapsed 0Total elapsed time: 0.385 sec.
@I [HLS-100] Command "config_chip_info -quiet -resource  {SLICE 13300}  {LUT 53200}     {FF 106400} {DSP48E 220}   {BRAM 280}  "
@I [HLS-100] Command 'config_chip_info' returned 0; elapsed 0Total elapsed time: 0.385 sec.
@I [HLS-100] Command "config_chip_info -quiet -speed medium "
@I [HLS-100] Command 'config_chip_info' returned 0; elapsed 0Total elapsed time: 0.385 sec.
@I [HLS-100] Command 'import_lib' returned 0; elapsed 0.009Total elapsed time: 0.386 sec.
@I [HLS-100] Command "source C:/Xilinx/Vivado_HLS/2015.1/common/technology/xilinx/zynq/zynq.gen "
@I [HLS-100] Command "source C:/Xilinx/Vivado_HLS/2015.1/common/technology/xilinx/common/virtex.gen "
@I [HLS-100] Command "source C:/Xilinx/Vivado_HLS/2015.1/common/technology/xilinx/common/xilinx.gen "
@I [HLS-100] Command "source C:/Xilinx/Vivado_HLS/2015.1/common/technology/xilinx/interface/plb46.gen "
@I [HLS-100] Command 'ap_source' returned 0; elapsed 0.001Total elapsed time: 0.388 sec.
@I [HLS-100] Command "source C:/Xilinx/Vivado_HLS/2015.1/common/technology/xilinx/interface/fsl.gen "
@I [HLS-100] Command 'ap_source' returned 0; elapsed 0Total elapsed time: 0.388 sec.
@I [HLS-100] Command "source C:/Xilinx/Vivado_HLS/2015.1/common/technology/xilinx/interface/axi4.gen "
@I [HLS-100] Command 'ap_source' returned 0; elapsed 0.001Total elapsed time: 0.390 sec.
@I [HLS-100] Command "source C:/Xilinx/Vivado_HLS/2015.1/common/technology/xilinx/interface/nativeAXI4.gen "
@I [HLS-100] Command "source C:/Xilinx/Vivado_HLS/2015.1/common/technology/xilinx/interface/saxilite.gen "
@I [HLS-100] Command 'ap_source' returned 0; elapsed 0.002Total elapsed time: 0.392 sec.
@I [HLS-100] Command "source C:/Xilinx/Vivado_HLS/2015.1/common/technology/xilinx/interface/maxi.gen "
@I [HLS-100] Command 'ap_source' returned 0; elapsed 0.005Total elapsed time: 0.398 sec.
@I [HLS-100] Command 'ap_source' returned 0; elapsed 0.008Total elapsed time: 0.398 sec.
@I [HLS-100] Command "source C:/Xilinx/Vivado_HLS/2015.1/common/technology/xilinx/scripts/xilinxcoregen.gen "
@I [HLS-100] Command 'ap_source' returned 0; elapsed 0.008Total elapsed time: 0.406 sec.
@I [HLS-100] Command "source C:/Xilinx/Vivado_HLS/2015.1/common/technology/xilinx/interface/XilEDKCoreGen.gen "
@I [HLS-100] Command 'ap_source' returned 0; elapsed 0.006Total elapsed time: 0.412 sec.
@I [HLS-100] Command "source C:/Xilinx/Vivado_HLS/2015.1/common/technology/xilinx/ip/dds_compiler.gen "
@I [HLS-100] Command 'ap_source' returned 0; elapsed 0.003Total elapsed time: 0.416 sec.
@I [HLS-100] Command "source C:/Xilinx/Vivado_HLS/2015.1/common/technology/xilinx/ip/util.gen "
@I [HLS-100] Command 'ap_source' returned 0; elapsed 0Total elapsed time: 0.416 sec.
@I [HLS-100] Command "source C:/Xilinx/Vivado_HLS/2015.1/common/technology/xilinx/ip/xfft.gen "
@I [HLS-100] Command 'ap_source' returned 0; elapsed 0.095Total elapsed time: 0.511 sec.
@I [HLS-100] Command "source C:/Xilinx/Vivado_HLS/2015.1/common/technology/xilinx/ip/xfir.gen "
@I [HLS-100] Command "source C:/Xilinx/Vivado_HLS/2015.1/tps/tcl/tcllib1.11.1/struct/list.tcl "
@I [HLS-100] Command "source C:/Xilinx/Vivado_HLS/2015.1/tps/tcl/tcllib1.11.1/cmdline/cmdline.tcl "
@I [HLS-100] Command 'ap_source' returned 0; elapsed 0.001Total elapsed time: 0.533 sec.
@I [HLS-100] Command 'ap_source' returned 0; elapsed 0.006Total elapsed time: 0.534 sec.
@I [HLS-100] Command "source C:/Xilinx/Vivado_HLS/2015.1/tps/tcl/tcllib1.11.1/math/bignum.tcl "
@I [HLS-100] Command 'ap_source' returned 0; elapsed 0.001Total elapsed time: 0.546 sec.
@I [HLS-100] Command 'ap_source' returned 0; elapsed 0.045Total elapsed time: 0.556 sec.
@I [HLS-100] Command 'ap_source' returned 0; elapsed 0.169Total elapsed time: 0.556 sec.
@I [HLS-100] Command "source C:/Xilinx/Vivado_HLS/2015.1/common/technology/xilinx/common/dsp48.gen "
@I [HLS-100] Command 'ap_source' returned 0; elapsed 0Total elapsed time: 0.558 sec.
@I [HLS-100] Command 'ap_source' returned 0; elapsed 0.171Total elapsed time: 0.558 sec.
@I [HLS-100] Command 'ap_source' returned 0; elapsed 0.172Total elapsed time: 0.558 sec.
@I [HLS-100] Command "open_platform DefaultPlatform "
@I [HLS-100] Command 'open_platform' returned 0; elapsed 0Total elapsed time: 0.559 sec.
@I [HLS-100] Command "import_lib C:/Xilinx/Vivado_HLS/2015.1/common/technology/xilinx/zynq/zynq_fpv6 "
@I [HLS-100] Command "source C:/Xilinx/Vivado_HLS/2015.1/common/technology/xilinx/common/xilinx_fpv7.lib "
@I [HLS-100] Command 'ap_source' returned 0; elapsed 0.002Total elapsed time: 0.561 sec.
@I [HLS-100] Command "source C:/Xilinx/Vivado_HLS/2015.1/common/technology/xilinx/common/xilinx_fpv.hlp "
@I [HLS-100] Command "source C:/Xilinx/Vivado_HLS/2015.1/common/technology/xilinx/common/xilinx.hlp "
@I [HLS-100] Command "source C:/Xilinx/Vivado_HLS/2015.1/common/technology/xilinx/common/target_info.tcl "
@I [HLS-100] Command 'ap_source' returned 0; elapsed 0.002Total elapsed time: 0.570 sec.
@I [HLS-100] Command "source C:/Xilinx/Vivado_HLS/2015.1/common/technology/xilinx/interface/xilinx_interface.hlp "
@I [HLS-100] Command "source C:/Xilinx/Vivado_HLS/2015.1/common/technology/xilinx/interface/maxi.hlp "
@I [HLS-100] Command 'ap_source' returned 0; elapsed 0Total elapsed time: 0.570 sec.
@I [HLS-100] Command "source C:/Xilinx/Vivado_HLS/2015.1/common/technology/xilinx/interface/saxilite.hlp "
@I [HLS-100] Command 'ap_source' returned 0; elapsed 0Total elapsed time: 0.570 sec.
@I [HLS-100] Command 'ap_source' returned 0; elapsed 0Total elapsed time: 0.570 sec.
@I [HLS-100] Command "source C:/Xilinx/Vivado_HLS/2015.1/common/technology/xilinx/common/dsp48.hlp "
@I [HLS-100] Command 'ap_source' returned 0; elapsed 0.001Total elapsed time: 0.571 sec.
@I [HLS-100] Command 'ap_source' returned 0; elapsed 0.004Total elapsed time: 0.571 sec.
@I [HLS-100] Command 'ap_source' returned 0; elapsed 0.005Total elapsed time: 0.572 sec.
@I [HLS-100] Command 'import_lib' returned 0; elapsed 0.016Total elapsed time: 0.575 sec.
@I [HLS-100] Command "source C:/Xilinx/Vivado_HLS/2015.1/common/technology/xilinx/zynq/zynq_fpv6.gen "
@I [HLS-100] Command "source C:/Xilinx/Vivado_HLS/2015.1/common/technology/xilinx/common/xilinx_fpv6.gen "
@I [HLS-100] Command 'ap_source' returned 0; elapsed 0.002Total elapsed time: 0.577 sec.
@I [HLS-100] Command 'ap_source' returned 0; elapsed 0.002Total elapsed time: 0.577 sec.
@I [HLS-100] Command "set_part xc7z020clg484-1 "
@I [HLS-100] Command "add_library xilinx/zynq/zynq:xc7z020:clg484:-1 "
@I [HLS-100] Command "get_default_platform "
@I [HLS-100] Command 'get_default_platform' returned 0; elapsed 0Total elapsed time: 0.580 sec.
@I [HLS-100] Command "license_exists VIVADO_HLS "
@I [LICQ-103] Checked out feature [VIVADO_HLS]
@I [LIC-101] Checked out feature [VIVADO_HLS]
@I [HLS-100] Command 'license_exists' returned 0; elapsed 0Total elapsed time: 0.580 sec.
@I [HLS-100] Command "get_default_platform "
@I [HLS-100] Command 'get_default_platform' returned 0; elapsed 0Total elapsed time: 0.581 sec.
@I [HLS-100] Command "config_chip_info -quiet -resource  {SLICE 13300}  {LUT 53200}     {FF 106400} {DSP48E 220}   {BRAM 280}  "
@I [HLS-100] Command 'config_chip_info' returned 0; elapsed 0Total elapsed time: 0.581 sec.
@I [HLS-100] Command "config_chip_info -quiet -speed slow "
@I [HLS-100] Command 'config_chip_info' returned 0; elapsed 0Total elapsed time: 0.581 sec.
@I [HLS-100] Command 'add_library' returned 0; elapsed 0.005Total elapsed time: 0.584 sec.
@I [HLS-100] Command "add_library xilinx/zynq/zynq_fpv6 "
@I [HLS-100] Command "get_default_platform "
@I [HLS-100] Command 'get_default_platform' returned 0; elapsed 0Total elapsed time: 0.585 sec.
@I [HLS-100] Command "license_exists VIVADO_HLS "
@I [HLS-100] Command 'license_exists' returned 0; elapsed 0Total elapsed time: 0.585 sec.
@I [HLS-100] Command 'add_library' returned 0; elapsed 0.002Total elapsed time: 0.586 sec.
@I [HLS-10] Setting target device to 'xc7z020clg484-1'
@I [HLS-100] Command 'set_part' returned 0; elapsed 0.009Total elapsed time: 0.586 sec.
@I [HLS-100] Command "get_default_platform "
@I [HLS-100] Command 'get_default_platform' returned 0; elapsed 0Total elapsed time: 0.586 sec.
@I [HLS-100] Command "config_chip_info -quiet -resource  {SLICE 13300}  {LUT 53200}     {FF 106400} {DSP48E 220}   {BRAM 280}  "
@I [HLS-100] Command 'config_chip_info' returned 0; elapsed 0Total elapsed time: 0.586 sec.
@I [HLS-100] Command "config_chip_info -quiet -speed slow "
@I [HLS-100] Command 'config_chip_info' returned 0; elapsed 0Total elapsed time: 0.586 sec.
@I [HLS-100] Command 'open_solution' returned 0; elapsed 0.226Total elapsed time: 0.587 sec.
@I [HLS-100] Command "export_design -format ip_catalog "
@I [HLS-100] Command "source C:/Users/Justin/Documents/GitHub/fpga-trace/hls/triangle_intersect/tri_intersect/.autopilot/db/global.setting.tcl "
@I [HLS-100] Command 'ap_source' returned 0; elapsed 0.002Total elapsed time: 0.598 sec.
@I [HLS-100] Command "source C:/Xilinx/Vivado_HLS/2015.1/common/technology/generic/autopilot/common.gen "
@I [HLS-100] Command "source C:/Xilinx/Vivado_HLS/2015.1/common/technology/generic/autopilot/APCoreGen.gen "
@I [HLS-100] Command 'ap_source' returned 0; elapsed 0.001Total elapsed time: 0.603 sec.
@I [HLS-100] Command 'ap_source' returned 0; elapsed 0.001Total elapsed time: 0.603 sec.
@I [HLS-100] Command "source C:/Xilinx/Vivado_HLS/2015.1/common/technology/generic/autopilot/op.gen "
@I [HLS-100] Command 'ap_source' returned 0; elapsed 0Total elapsed time: 0.604 sec.
@I [HLS-100] Command "source C:/Xilinx/Vivado_HLS/2015.1/common/technology/generic/autopilot/op_simcore.gen "
@I [HLS-100] Command 'ap_source' returned 0; elapsed 0.001Total elapsed time: 0.605 sec.
@I [HLS-100] Command "source C:/Xilinx/Vivado_HLS/2015.1/common/technology/generic/autopilot/interface.gen "
@I [HLS-100] Command 'ap_source' returned 0; elapsed 0Total elapsed time: 0.606 sec.
@I [HLS-100] Command "source C:/Users/Justin/Documents/GitHub/fpga-trace/hls/triangle_intersect/tri_intersect/.autopilot/db/global.setting.tcl "
@I [HLS-100] Command 'ap_source' returned 0; elapsed 0.001Total elapsed time: 0.607 sec.
@I [HLS-100] Command "source C:/Xilinx/Vivado_HLS/2015.1/common/technology/xilinx/zynq/zynq.gen "
@I [HLS-100] Command "source C:/Xilinx/Vivado_HLS/2015.1/common/technology/xilinx/common/virtex.gen "
@I [HLS-100] Command "source C:/Xilinx/Vivado_HLS/2015.1/common/technology/xilinx/common/xilinx.gen "
@I [HLS-100] Command "source C:/Xilinx/Vivado_HLS/2015.1/common/technology/xilinx/interface/plb46.gen "
@I [HLS-100] Command 'ap_source' returned 0; elapsed 0.001Total elapsed time: 0.610 sec.
@I [HLS-100] Command "source C:/Xilinx/Vivado_HLS/2015.1/common/technology/xilinx/interface/fsl.gen "
@I [HLS-100] Command 'ap_source' returned 0; elapsed 0.001Total elapsed time: 0.611 sec.
@I [HLS-100] Command "source C:/Xilinx/Vivado_HLS/2015.1/common/technology/xilinx/interface/axi4.gen "
@I [HLS-100] Command 'ap_source' returned 0; elapsed 0.002Total elapsed time: 0.613 sec.
@I [HLS-100] Command "source C:/Xilinx/Vivado_HLS/2015.1/common/technology/xilinx/interface/nativeAXI4.gen "
@I [HLS-100] Command "source C:/Xilinx/Vivado_HLS/2015.1/common/technology/xilinx/interface/saxilite.gen "
@I [HLS-100] Command 'ap_source' returned 0; elapsed 0.002Total elapsed time: 0.615 sec.
@I [HLS-100] Command "source C:/Xilinx/Vivado_HLS/2015.1/common/technology/xilinx/interface/maxi.gen "
@I [HLS-100] Command 'ap_source' returned 0; elapsed 0.006Total elapsed time: 0.621 sec.
@I [HLS-100] Command 'ap_source' returned 0; elapsed 0.008Total elapsed time: 0.621 sec.
@I [HLS-100] Command "source C:/Xilinx/Vivado_HLS/2015.1/common/technology/xilinx/scripts/xilinxcoregen.gen "
@I [HLS-100] Command 'ap_source' returned 0; elapsed 0.008Total elapsed time: 0.629 sec.
@I [HLS-100] Command "source C:/Xilinx/Vivado_HLS/2015.1/common/technology/xilinx/interface/XilEDKCoreGen.gen "
@I [HLS-100] Command 'ap_source' returned 0; elapsed 0.008Total elapsed time: 0.637 sec.
@I [HLS-100] Command "source C:/Xilinx/Vivado_HLS/2015.1/common/technology/xilinx/ip/dds_compiler.gen "
@I [HLS-100] Command 'ap_source' returned 0; elapsed 0.004Total elapsed time: 0.641 sec.
@I [HLS-100] Command "source C:/Xilinx/Vivado_HLS/2015.1/common/technology/xilinx/ip/util.gen "
@I [HLS-100] Command 'ap_source' returned 0; elapsed 0Total elapsed time: 0.642 sec.
@I [HLS-100] Command "source C:/Xilinx/Vivado_HLS/2015.1/common/technology/xilinx/ip/xfft.gen "
@I [HLS-100] Command 'ap_source' returned 0; elapsed 0.077Total elapsed time: 0.719 sec.
@I [HLS-100] Command "source C:/Xilinx/Vivado_HLS/2015.1/common/technology/xilinx/ip/xfir.gen "
@I [HLS-100] Command 'ap_source' returned 0; elapsed 0.022Total elapsed time: 0.742 sec.
@I [HLS-100] Command 'ap_source' returned 0; elapsed 0.134Total elapsed time: 0.742 sec.
@I [HLS-100] Command "source C:/Xilinx/Vivado_HLS/2015.1/common/technology/xilinx/common/dsp48.gen "
@I [HLS-100] Command 'ap_source' returned 0; elapsed 0Total elapsed time: 0.743 sec.
@I [HLS-100] Command 'ap_source' returned 0; elapsed 0.135Total elapsed time: 0.743 sec.
@I [HLS-100] Command 'ap_source' returned 0; elapsed 0.135Total elapsed time: 0.743 sec.
@I [HLS-100] Command "source C:/Xilinx/Vivado_HLS/2015.1/common/technology/xilinx/zynq/zynq_fpv6.gen "
@I [HLS-100] Command "source C:/Xilinx/Vivado_HLS/2015.1/common/technology/xilinx/common/xilinx_fpv6.gen "
@I [HLS-100] Command 'ap_source' returned 0; elapsed 0.001Total elapsed time: 0.744 sec.
@I [HLS-100] Command 'ap_source' returned 0; elapsed 0.001Total elapsed time: 0.744 sec.
@I [HLS-100] Command "source C:/Users/Justin/Documents/GitHub/fpga-trace/hls/triangle_intersect/tri_intersect/.autopilot/db/global.setting.tcl "
@I [HLS-100] Command 'ap_source' returned 0; elapsed 0.001Total elapsed time: 0.747 sec.
@I [IMPL-8] Exporting RTL as an IP in IP-XACT.
@I [HLS-100] Command "source C:/Users/Justin/Documents/GitHub/fpga-trace/hls/triangle_intersect/tri_intersect/.autopilot/db/global.setting.tcl "
@I [HLS-100] Command 'ap_source' returned 0; elapsed 0Total elapsed time: 0.748 sec.
@I [HLS-100] Command "source C:/Users/Justin/Documents/GitHub/fpga-trace/hls/triangle_intersect/tri_intersect/.autopilot/db/global.setting.tcl "
@I [HLS-100] Command 'ap_source' returned 0; elapsed 0Total elapsed time: 0.756 sec.
@I [HLS-100] Command "source C:/Xilinx/Vivado_HLS/2015.1/common/technology/generic/autopilot/common.gen "
@I [HLS-100] Command "source C:/Xilinx/Vivado_HLS/2015.1/common/technology/generic/autopilot/APCoreGen.gen "
@I [HLS-100] Command 'ap_source' returned 0; elapsed 0Total elapsed time: 0.757 sec.
@I [HLS-100] Command 'ap_source' returned 0; elapsed 0.002Total elapsed time: 0.757 sec.
@I [HLS-100] Command "source C:/Xilinx/Vivado_HLS/2015.1/common/technology/generic/autopilot/op.gen "
@I [HLS-100] Command 'ap_source' returned 0; elapsed 0Total elapsed time: 0.758 sec.
@I [HLS-100] Command "source C:/Xilinx/Vivado_HLS/2015.1/common/technology/generic/autopilot/op_simcore.gen "
@I [HLS-100] Command 'ap_source' returned 0; elapsed 0.001Total elapsed time: 0.758 sec.
@I [HLS-100] Command "source C:/Xilinx/Vivado_HLS/2015.1/common/technology/generic/autopilot/interface.gen "
@I [HLS-100] Command 'ap_source' returned 0; elapsed 0Total elapsed time: 0.758 sec.
@I [HLS-100] Command "source C:/Users/Justin/Documents/GitHub/fpga-trace/hls/triangle_intersect/tri_intersect/.autopilot/db/global.setting.tcl "
@I [HLS-100] Command 'ap_source' returned 0; elapsed 0Total elapsed time: 0.759 sec.
@I [HLS-100] Command "source C:/Xilinx/Vivado_HLS/2015.1/common/technology/xilinx/zynq/zynq.gen "
@I [HLS-100] Command "source C:/Xilinx/Vivado_HLS/2015.1/common/technology/xilinx/common/virtex.gen "
@I [HLS-100] Command "source C:/Xilinx/Vivado_HLS/2015.1/common/technology/xilinx/common/xilinx.gen "
@I [HLS-100] Command "source C:/Xilinx/Vivado_HLS/2015.1/common/technology/xilinx/interface/plb46.gen "
@I [HLS-100] Command 'ap_source' returned 0; elapsed 0.001Total elapsed time: 0.760 sec.
@I [HLS-100] Command "source C:/Xilinx/Vivado_HLS/2015.1/common/technology/xilinx/interface/fsl.gen "
@I [HLS-100] Command 'ap_source' returned 0; elapsed 0Total elapsed time: 0.761 sec.
@I [HLS-100] Command "source C:/Xilinx/Vivado_HLS/2015.1/common/technology/xilinx/interface/axi4.gen "
@I [HLS-100] Command 'ap_source' returned 0; elapsed 0.002Total elapsed time: 0.762 sec.
@I [HLS-100] Command "source C:/Xilinx/Vivado_HLS/2015.1/common/technology/xilinx/interface/nativeAXI4.gen "
@I [HLS-100] Command "source C:/Xilinx/Vivado_HLS/2015.1/common/technology/xilinx/interface/saxilite.gen "
@I [HLS-100] Command 'ap_source' returned 0; elapsed 0.002Total elapsed time: 0.765 sec.
@I [HLS-100] Command "source C:/Xilinx/Vivado_HLS/2015.1/common/technology/xilinx/interface/maxi.gen "
@I [HLS-100] Command 'ap_source' returned 0; elapsed 0.005Total elapsed time: 0.770 sec.
@I [HLS-100] Command 'ap_source' returned 0; elapsed 0.007Total elapsed time: 0.770 sec.
@I [HLS-100] Command "source C:/Xilinx/Vivado_HLS/2015.1/common/technology/xilinx/scripts/xilinxcoregen.gen "
@I [HLS-100] Command 'ap_source' returned 0; elapsed 0.009Total elapsed time: 0.779 sec.
@I [HLS-100] Command "source C:/Xilinx/Vivado_HLS/2015.1/common/technology/xilinx/interface/XilEDKCoreGen.gen "
@I [HLS-100] Command 'ap_source' returned 0; elapsed 0.006Total elapsed time: 0.785 sec.
@I [HLS-100] Command "source C:/Xilinx/Vivado_HLS/2015.1/common/technology/xilinx/ip/dds_compiler.gen "
@I [HLS-100] Command 'ap_source' returned 0; elapsed 0.002Total elapsed time: 0.788 sec.
@I [HLS-100] Command "source C:/Xilinx/Vivado_HLS/2015.1/common/technology/xilinx/ip/util.gen "
@I [HLS-100] Command 'ap_source' returned 0; elapsed 0.001Total elapsed time: 0.789 sec.
@I [HLS-100] Command "source C:/Xilinx/Vivado_HLS/2015.1/common/technology/xilinx/ip/xfft.gen "
@I [HLS-100] Command 'ap_source' returned 0; elapsed 0.072Total elapsed time: 0.861 sec.
@I [HLS-100] Command "source C:/Xilinx/Vivado_HLS/2015.1/common/technology/xilinx/ip/xfir.gen "
@I [HLS-100] Command 'ap_source' returned 0; elapsed 0.023Total elapsed time: 0.883 sec.
@I [HLS-100] Command 'ap_source' returned 0; elapsed 0.124Total elapsed time: 0.884 sec.
@I [HLS-100] Command "source C:/Xilinx/Vivado_HLS/2015.1/common/technology/xilinx/common/dsp48.gen "
@I [HLS-100] Command 'ap_source' returned 0; elapsed 0Total elapsed time: 0.884 sec.
@I [HLS-100] Command 'ap_source' returned 0; elapsed 0.125Total elapsed time: 0.884 sec.
@I [HLS-100] Command 'ap_source' returned 0; elapsed 0.125Total elapsed time: 0.884 sec.
@I [HLS-100] Command "source C:/Xilinx/Vivado_HLS/2015.1/common/technology/xilinx/zynq/zynq_fpv6.gen "
@I [HLS-100] Command "source C:/Xilinx/Vivado_HLS/2015.1/common/technology/xilinx/common/xilinx_fpv6.gen "
@I [HLS-100] Command 'ap_source' returned 0; elapsed 0.001Total elapsed time: 0.886 sec.
@I [HLS-100] Command 'ap_source' returned 0; elapsed 0.001Total elapsed time: 0.886 sec.
@I [HLS-100] Command "source C:/Users/Justin/Documents/GitHub/fpga-trace/hls/triangle_intersect/tri_intersect/.autopilot/db/global.setting.tcl "
@I [HLS-100] Command 'ap_source' returned 0; elapsed 0.001Total elapsed time: 0.890 sec.
@I [HLS-100] Command "source C:/Users/Justin/Documents/GitHub/fpga-trace/hls/triangle_intersect/tri_intersect/.autopilot/db/tri_intersect.compgen.tcl "
@I [HLS-100] Command 'ap_source' returned 0; elapsed 0.023Total elapsed time: 0.913 sec.
@I [HLS-100] Command "source C:/Users/Justin/Documents/GitHub/fpga-trace/hls/triangle_intersect/tri_intersect/.autopilot/db/global.setting.tcl "
@I [HLS-100] Command 'ap_source' returned 0; elapsed 0.001Total elapsed time: 0.944 sec.
@I [HLS-100] Command "source C:/Users/Justin/Documents/GitHub/fpga-trace/hls/triangle_intersect/tri_intersect/.autopilot/db/tri_intersect.compgen.tcl "
@I [HLS-100] Command "source C:/Users/Justin/Documents/GitHub/fpga-trace/hls/triangle_intersect/tri_intersect/.autopilot/db/tri_intersect.rtl_wrap.cfg.tcl "
@I [HLS-100] Command 'ap_source' returned 0; elapsed 0.005Total elapsed time: 0.949 sec.
@I [HLS-100] Command "source C:/Users/Justin/Documents/GitHub/fpga-trace/hls/triangle_intersect/tri_intersect/.autopilot/db/tri_intersect.rtl_wrap.cfg.tcl "
@I [HLS-100] Command 'ap_source' returned 0; elapsed 0.001Total elapsed time: 0.950 sec.
@I [HLS-100] Command "source C:/Users/Justin/Documents/GitHub/fpga-trace/hls/triangle_intersect/tri_intersect/.autopilot/db/tri_intersect.rtl_wrap.cfg.tcl "
@I [HLS-100] Command 'ap_source' returned 0; elapsed 0.001Total elapsed time: 0.951 sec.
@I [HLS-100] Command "source C:/Users/Justin/Documents/GitHub/fpga-trace/hls/triangle_intersect/tri_intersect/.autopilot/db/tri_intersect.tbgen.tcl "
@I [HLS-100] Command 'ap_source' returned 0; elapsed 0Total elapsed time: 0.952 sec.
@I [HLS-100] Command "source C:/Users/Justin/Documents/GitHub/fpga-trace/hls/triangle_intersect/tri_intersect/.autopilot/db/tri_intersect.tbgen.tcl "
@I [HLS-100] Command 'ap_source' returned 0; elapsed 0.001Total elapsed time: 0.952 sec.
@I [HLS-100] Command 'ap_source' returned 0; elapsed 0.051Total elapsed time: 0.995 sec.
@I [HLS-100] Command "source C:/Users/Justin/Documents/GitHub/fpga-trace/hls/triangle_intersect/tri_intersect/.autopilot/db/global.setting.tcl "
@I [HLS-100] Command 'ap_source' returned 0; elapsed 0Total elapsed time: 1.14 sec.
@I [HLS-100] Command "source C:/Users/Justin/Documents/GitHub/fpga-trace/hls/triangle_intersect/tri_intersect/.autopilot/db/tri_intersect.compgen.tcl "
@I [HLS-100] Command 'ap_source' returned 0; elapsed 0.001Total elapsed time: 1.16 sec.
@I [HLS-100] Command "source C:/Users/Justin/Documents/GitHub/fpga-trace/hls/triangle_intersect/tri_intersect/.autopilot/db/global.setting.tcl "
@I [HLS-100] Command 'ap_source' returned 0; elapsed 0.001Total elapsed time: 1.140 sec.
@I [HLS-100] Command "source C:/Users/Justin/Documents/GitHub/fpga-trace/hls/triangle_intersect/tri_intersect/.autopilot/db/tri_intersect.constraint.tcl "
@I [HLS-100] Command 'ap_source' returned 0; elapsed 0.001Total elapsed time: 1.144 sec.
@I [HLS-100] Command "source C:/Users/Justin/Documents/GitHub/fpga-trace/hls/triangle_intersect/tri_intersect/.autopilot/db/tri_intersect.rtl_wrap.cfg.tcl "
@I [HLS-100] Command 'ap_source' returned 0; elapsed 0.001Total elapsed time: 1.215 sec.
@I [HLS-100] Command "source C:/Users/Justin/Documents/GitHub/fpga-trace/hls/triangle_intersect/tri_intersect/.autopilot/db/tri_intersect.rtl_wrap.cfg.tcl "
@I [HLS-100] Command 'ap_source' returned 0; elapsed 0.001Total elapsed time: 1.216 sec.
@I [HLS-100] Command "source C:/Users/Justin/Documents/GitHub/fpga-trace/hls/triangle_intersect/tri_intersect/.autopilot/db/tri_intersect.rtl_wrap.cfg.tcl "
@I [HLS-100] Command 'ap_source' returned 0; elapsed 0.001Total elapsed time: 1.217 sec.
@I [HLS-100] Command "source C:/Users/Justin/Documents/GitHub/fpga-trace/hls/triangle_intersect/tri_intersect/.autopilot/db/tri_intersect.tbgen.tcl "
@I [HLS-100] Command 'ap_source' returned 0; elapsed 0Total elapsed time: 1.217 sec.
@I [HLS-100] Command "source C:/Users/Justin/Documents/GitHub/fpga-trace/hls/triangle_intersect/tri_intersect/.autopilot/db/tri_intersect.tbgen.tcl "
@I [HLS-100] Command 'ap_source' returned 0; elapsed 0Total elapsed time: 1.218 sec.
@I [HLS-100] Command "source C:/Users/Justin/Documents/GitHub/fpga-trace/hls/triangle_intersect/tri_intersect/.autopilot/db/global.setting.tcl "
@I [HLS-100] Command 'ap_source' returned 0; elapsed 0Total elapsed time: 1.270 sec.
@I [HLS-100] Command "source C:/Users/Justin/Documents/GitHub/fpga-trace/hls/triangle_intersect/tri_intersect/.autopilot/db/tri_intersect.rtl_wrap.cfg.tcl "
@I [HLS-100] Command 'ap_source' returned 0; elapsed 0.001Total elapsed time: 1.274 sec.
@I [HLS-100] Command "source C:/Users/Justin/Documents/GitHub/fpga-trace/hls/triangle_intersect/tri_intersect/.autopilot/db/tri_intersect.rtl_wrap.cfg.tcl "
@I [HLS-100] Command 'ap_source' returned 0; elapsed 0.001Total elapsed time: 1.275 sec.
@I [HLS-100] Command "source C:/Users/Justin/Documents/GitHub/fpga-trace/hls/triangle_intersect/tri_intersect/.autopilot/db/tri_intersect.tbgen.tcl "
@I [HLS-100] Command 'ap_source' returned 0; elapsed 0.002Total elapsed time: 1.277 sec.
@I [HLS-100] Command "source C:/Users/Justin/Documents/GitHub/fpga-trace/hls/triangle_intersect/tri_intersect/.autopilot/db/tri_intersect.tbgen.tcl "
@I [HLS-100] Command 'ap_source' returned 0; elapsed 0.001Total elapsed time: 1.278 sec.
@I [HLS-100] Command "source C:/Users/Justin/Documents/GitHub/fpga-trace/hls/triangle_intersect/tri_intersect/.autopilot/db/tri_intersect.rtl_wrap.cfg.tcl "
@I [HLS-100] Command 'ap_source' returned 0; elapsed 0.001Total elapsed time: 1.307 sec.
@I [HLS-100] Command "source C:/Users/Justin/Documents/GitHub/fpga-trace/hls/triangle_intersect/tri_intersect/.autopilot/db/tri_intersect.rtl_wrap.cfg.tcl "
@I [HLS-100] Command 'ap_source' returned 0; elapsed 0.001Total elapsed time: 1.308 sec.
@I [HLS-100] Command "source C:/Users/Justin/Documents/GitHub/fpga-trace/hls/triangle_intersect/tri_intersect/.autopilot/db/tri_intersect.tbgen.tcl "
@I [HLS-100] Command 'ap_source' returned 0; elapsed 0Total elapsed time: 1.308 sec.
@I [HLS-100] Command "source C:/Users/Justin/Documents/GitHub/fpga-trace/hls/triangle_intersect/tri_intersect/.autopilot/db/tri_intersect.tbgen.tcl "
@I [HLS-100] Command 'ap_source' returned 0; elapsed 0.001Total elapsed time: 1.309 sec.
@I [HLS-100] Command "source C:/Users/Justin/Documents/GitHub/fpga-trace/hls/triangle_intersect/tri_intersect/.autopilot/db/global.setting.tcl "
@I [HLS-100] Command 'ap_source' returned 0; elapsed 0Total elapsed time: 1.362 sec.
@I [HLS-100] Command "source C:/Users/Justin/Documents/GitHub/fpga-trace/hls/triangle_intersect/tri_intersect/.autopilot/db/global.setting.tcl "
@I [HLS-100] Command 'ap_source' returned 0; elapsed 0Total elapsed time: 1.380 sec.
@I [HLS-100] Command "source C:/Users/Justin/Documents/GitHub/fpga-trace/hls/triangle_intersect/tri_intersect/.autopilot/db/tri_intersect.constraint.tcl "
@I [HLS-100] Command 'ap_source' returned 0; elapsed 0Total elapsed time: 1.383 sec.
@I [HLS-100] Command "source C:/Users/Justin/Documents/GitHub/fpga-trace/hls/triangle_intersect/tri_intersect/.autopilot/db/tri_intersect.constraint.tcl "
@I [HLS-100] Command 'ap_source' returned 0; elapsed 0Total elapsed time: 1.384 sec.
@I [HLS-100] Command "source C:/Xilinx/Vivado_HLS/2015.1/common/technology/generic/autopilot/common.gen "
@I [HLS-100] Command "source C:/Xilinx/Vivado_HLS/2015.1/common/technology/generic/autopilot/APCoreGen.gen "
@I [HLS-100] Command 'ap_source' returned 0; elapsed 0Total elapsed time: 1.402 sec.
@I [HLS-100] Command 'ap_source' returned 0; elapsed 0.001Total elapsed time: 1.403 sec.
@I [HLS-100] Command "source C:/Xilinx/Vivado_HLS/2015.1/common/technology/generic/autopilot/op.gen "
@I [HLS-100] Command 'ap_source' returned 0; elapsed 0Total elapsed time: 1.403 sec.
@I [HLS-100] Command "source C:/Xilinx/Vivado_HLS/2015.1/common/technology/generic/autopilot/op_simcore.gen "
@I [HLS-100] Command 'ap_source' returned 0; elapsed 0.001Total elapsed time: 1.404 sec.
@I [HLS-100] Command "source C:/Xilinx/Vivado_HLS/2015.1/common/technology/generic/autopilot/interface.gen "
@I [HLS-100] Command 'ap_source' returned 0; elapsed 0Total elapsed time: 1.404 sec.
@I [HLS-100] Command "source C:/Users/Justin/Documents/GitHub/fpga-trace/hls/triangle_intersect/tri_intersect/.autopilot/db/global.setting.tcl "
@I [HLS-100] Command 'ap_source' returned 0; elapsed 0.001Total elapsed time: 1.405 sec.
@I [HLS-100] Command "source C:/Xilinx/Vivado_HLS/2015.1/common/technology/xilinx/zynq/zynq.gen "
@I [HLS-100] Command "source C:/Xilinx/Vivado_HLS/2015.1/common/technology/xilinx/common/virtex.gen "
@I [HLS-100] Command "source C:/Xilinx/Vivado_HLS/2015.1/common/technology/xilinx/common/xilinx.gen "
@I [HLS-100] Command "source C:/Xilinx/Vivado_HLS/2015.1/common/technology/xilinx/interface/plb46.gen "
@I [HLS-100] Command 'ap_source' returned 0; elapsed 0Total elapsed time: 1.406 sec.
@I [HLS-100] Command "source C:/Xilinx/Vivado_HLS/2015.1/common/technology/xilinx/interface/fsl.gen "
@I [HLS-100] Command 'ap_source' returned 0; elapsed 0.001Total elapsed time: 1.407 sec.
@I [HLS-100] Command "source C:/Xilinx/Vivado_HLS/2015.1/common/technology/xilinx/interface/axi4.gen "
@I [HLS-100] Command 'ap_source' returned 0; elapsed 0.002Total elapsed time: 1.409 sec.
@I [HLS-100] Command "source C:/Xilinx/Vivado_HLS/2015.1/common/technology/xilinx/interface/nativeAXI4.gen "
@I [HLS-100] Command "source C:/Xilinx/Vivado_HLS/2015.1/common/technology/xilinx/interface/saxilite.gen "
@I [HLS-100] Command 'ap_source' returned 0; elapsed 0.002Total elapsed time: 1.411 sec.
@I [HLS-100] Command "source C:/Xilinx/Vivado_HLS/2015.1/common/technology/xilinx/interface/maxi.gen "
@I [HLS-100] Command 'ap_source' returned 0; elapsed 0.005Total elapsed time: 1.417 sec.
@I [HLS-100] Command 'ap_source' returned 0; elapsed 0.008Total elapsed time: 1.417 sec.
@I [HLS-100] Command "source C:/Xilinx/Vivado_HLS/2015.1/common/technology/xilinx/scripts/xilinxcoregen.gen "
@I [HLS-100] Command 'ap_source' returned 0; elapsed 0.008Total elapsed time: 1.425 sec.
@I [HLS-100] Command "source C:/Xilinx/Vivado_HLS/2015.1/common/technology/xilinx/interface/XilEDKCoreGen.gen "
@I [HLS-100] Command 'ap_source' returned 0; elapsed 0.007Total elapsed time: 1.432 sec.
@I [HLS-100] Command "source C:/Xilinx/Vivado_HLS/2015.1/common/technology/xilinx/ip/dds_compiler.gen "
@I [HLS-100] Command 'ap_source' returned 0; elapsed 0.002Total elapsed time: 1.435 sec.
@I [HLS-100] Command "source C:/Xilinx/Vivado_HLS/2015.1/common/technology/xilinx/ip/util.gen "
@I [HLS-100] Command 'ap_source' returned 0; elapsed 0Total elapsed time: 1.435 sec.
@I [HLS-100] Command "source C:/Xilinx/Vivado_HLS/2015.1/common/technology/xilinx/ip/xfft.gen "
@I [HLS-100] Command 'ap_source' returned 0; elapsed 0.076Total elapsed time: 1.511 sec.
@I [HLS-100] Command "source C:/Xilinx/Vivado_HLS/2015.1/common/technology/xilinx/ip/xfir.gen "
@I [HLS-100] Command 'ap_source' returned 0; elapsed 0.021Total elapsed time: 1.532 sec.
@I [HLS-100] Command 'ap_source' returned 0; elapsed 0.127Total elapsed time: 1.532 sec.
@I [HLS-100] Command "source C:/Xilinx/Vivado_HLS/2015.1/common/technology/xilinx/common/dsp48.gen "
@I [HLS-100] Command 'ap_source' returned 0; elapsed 0Total elapsed time: 1.533 sec.
@I [HLS-100] Command 'ap_source' returned 0; elapsed 0.128Total elapsed time: 1.533 sec.
@I [HLS-100] Command 'ap_source' returned 0; elapsed 0.128Total elapsed time: 1.533 sec.
@I [HLS-100] Command "source C:/Xilinx/Vivado_HLS/2015.1/common/technology/xilinx/zynq/zynq_fpv6.gen "
@I [HLS-100] Command "source C:/Xilinx/Vivado_HLS/2015.1/common/technology/xilinx/common/xilinx_fpv6.gen "
@I [HLS-100] Command 'ap_source' returned 0; elapsed 0.002Total elapsed time: 1.535 sec.
@I [HLS-100] Command 'ap_source' returned 0; elapsed 0.002Total elapsed time: 1.535 sec.
@I [HLS-100] Command "source C:/Users/Justin/Documents/GitHub/fpga-trace/hls/triangle_intersect/tri_intersect/.autopilot/db/global.setting.tcl "
@I [HLS-100] Command 'ap_source' returned 0; elapsed 0Total elapsed time: 12.302 sec.
@I [HLS-100] Command "source C:/Xilinx/Vivado_HLS/2015.1/common/technology/generic/autopilot/common.gen "
@I [HLS-100] Command "source C:/Xilinx/Vivado_HLS/2015.1/common/technology/generic/autopilot/APCoreGen.gen "
@I [HLS-100] Command 'ap_source' returned 0; elapsed 0.001Total elapsed time: 12.310 sec.
@I [HLS-100] Command 'ap_source' returned 0; elapsed 0.002Total elapsed time: 12.310 sec.
@I [HLS-100] Command "source C:/Xilinx/Vivado_HLS/2015.1/common/technology/generic/autopilot/op.gen "
@I [HLS-100] Command 'ap_source' returned 0; elapsed 0.001Total elapsed time: 12.311 sec.
@I [HLS-100] Command "source C:/Xilinx/Vivado_HLS/2015.1/common/technology/generic/autopilot/op_simcore.gen "
@I [HLS-100] Command 'ap_source' returned 0; elapsed 0.002Total elapsed time: 12.313 sec.
@I [HLS-100] Command "source C:/Xilinx/Vivado_HLS/2015.1/common/technology/generic/autopilot/interface.gen "
@I [HLS-100] Command 'ap_source' returned 0; elapsed 0Total elapsed time: 12.314 sec.
@I [HLS-100] Command "source C:/Users/Justin/Documents/GitHub/fpga-trace/hls/triangle_intersect/tri_intersect/.autopilot/db/global.setting.tcl "
@I [HLS-100] Command 'ap_source' returned 0; elapsed 0.006Total elapsed time: 12.320 sec.
@I [HLS-100] Command "source C:/Xilinx/Vivado_HLS/2015.1/common/technology/xilinx/zynq/zynq.gen "
@I [HLS-100] Command "source C:/Xilinx/Vivado_HLS/2015.1/common/technology/xilinx/common/virtex.gen "
@I [HLS-100] Command "source C:/Xilinx/Vivado_HLS/2015.1/common/technology/xilinx/common/xilinx.gen "
@I [HLS-100] Command "source C:/Xilinx/Vivado_HLS/2015.1/common/technology/xilinx/interface/plb46.gen "
@I [HLS-100] Command 'ap_source' returned 0; elapsed 0.002Total elapsed time: 12.323 sec.
@I [HLS-100] Command "source C:/Xilinx/Vivado_HLS/2015.1/common/technology/xilinx/interface/fsl.gen "
@I [HLS-100] Command 'ap_source' returned 0; elapsed 0Total elapsed time: 12.324 sec.
@I [HLS-100] Command "source C:/Xilinx/Vivado_HLS/2015.1/common/technology/xilinx/interface/axi4.gen "
@I [HLS-100] Command 'ap_source' returned 0; elapsed 0.003Total elapsed time: 12.326 sec.
@I [HLS-100] Command "source C:/Xilinx/Vivado_HLS/2015.1/common/technology/xilinx/interface/nativeAXI4.gen "
@I [HLS-100] Command "source C:/Xilinx/Vivado_HLS/2015.1/common/technology/xilinx/interface/saxilite.gen "
@I [HLS-100] Command 'ap_source' returned 0; elapsed 0.004Total elapsed time: 12.330 sec.
@I [HLS-100] Command "source C:/Xilinx/Vivado_HLS/2015.1/common/technology/xilinx/interface/maxi.gen "
@I [HLS-100] Command 'ap_source' returned 0; elapsed 0.008Total elapsed time: 12.339 sec.
@I [HLS-100] Command 'ap_source' returned 0; elapsed 0.012Total elapsed time: 12.339 sec.
@I [HLS-100] Command "source C:/Xilinx/Vivado_HLS/2015.1/common/technology/xilinx/scripts/xilinxcoregen.gen "
@I [HLS-100] Command 'ap_source' returned 0; elapsed 0.009Total elapsed time: 12.348 sec.
@I [HLS-100] Command "source C:/Xilinx/Vivado_HLS/2015.1/common/technology/xilinx/interface/XilEDKCoreGen.gen "
@I [HLS-100] Command 'ap_source' returned 0; elapsed 0.008Total elapsed time: 12.356 sec.
@I [HLS-100] Command "source C:/Xilinx/Vivado_HLS/2015.1/common/technology/xilinx/ip/dds_compiler.gen "
@I [HLS-100] Command 'ap_source' returned 0; elapsed 0.004Total elapsed time: 12.359 sec.
@I [HLS-100] Command "source C:/Xilinx/Vivado_HLS/2015.1/common/technology/xilinx/ip/util.gen "
@I [HLS-100] Command 'ap_source' returned 0; elapsed 0Total elapsed time: 12.360 sec.
@I [HLS-100] Command "source C:/Xilinx/Vivado_HLS/2015.1/common/technology/xilinx/ip/xfft.gen "
@I [HLS-100] Command 'ap_source' returned 0; elapsed 0.08Total elapsed time: 12.440 sec.
@I [HLS-100] Command "source C:/Xilinx/Vivado_HLS/2015.1/common/technology/xilinx/ip/xfir.gen "
@I [HLS-100] Command 'ap_source' returned 0; elapsed 0.023Total elapsed time: 12.463 sec.
@I [HLS-100] Command 'ap_source' returned 0; elapsed 0.141Total elapsed time: 12.463 sec.
@I [HLS-100] Command "source C:/Xilinx/Vivado_HLS/2015.1/common/technology/xilinx/common/dsp48.gen "
@I [HLS-100] Command 'ap_source' returned 0; elapsed 0Total elapsed time: 12.464 sec.
@I [HLS-100] Command 'ap_source' returned 0; elapsed 0.143Total elapsed time: 12.464 sec.
@I [HLS-100] Command 'ap_source' returned 0; elapsed 0.143Total elapsed time: 12.464 sec.
@I [HLS-100] Command "source C:/Xilinx/Vivado_HLS/2015.1/common/technology/xilinx/zynq/zynq_fpv6.gen "
@I [HLS-100] Command "source C:/Xilinx/Vivado_HLS/2015.1/common/technology/xilinx/common/xilinx_fpv6.gen "
@I [HLS-100] Command 'ap_source' returned 0; elapsed 0.001Total elapsed time: 12.465 sec.
@I [HLS-100] Command 'ap_source' returned 0; elapsed 0.002Total elapsed time: 12.466 sec.
@I [HLS-100] Command "source C:/Users/Justin/Documents/GitHub/fpga-trace/hls/triangle_intersect/tri_intersect/.autopilot/db/global.setting.tcl "
@I [HLS-100] Command 'ap_source' returned 0; elapsed 0Total elapsed time: 12.466 sec.
@I [HLS-100] Command "source C:/Users/Justin/Documents/GitHub/fpga-trace/hls/triangle_intersect/tri_intersect/.autopilot/db/global.setting.tcl "
@I [HLS-100] Command 'ap_source' returned 0; elapsed 0.001Total elapsed time: 12.470 sec.
@I [HLS-100] Command "source C:/Users/Justin/Documents/GitHub/fpga-trace/hls/triangle_intersect/tri_intersect/.autopilot/db/global.setting.tcl "
@I [HLS-100] Command 'ap_source' returned 0; elapsed 0.001Total elapsed time: 12.477 sec.
@I [HLS-100] Command "source C:/Xilinx/Vivado_HLS/2015.1/common/technology/generic/autopilot/common.gen "
@I [HLS-100] Command "source C:/Xilinx/Vivado_HLS/2015.1/common/technology/generic/autopilot/APCoreGen.gen "
@I [HLS-100] Command 'ap_source' returned 0; elapsed 0.001Total elapsed time: 12.479 sec.
@I [HLS-100] Command 'ap_source' returned 0; elapsed 0.001Total elapsed time: 12.479 sec.
@I [HLS-100] Command "source C:/Xilinx/Vivado_HLS/2015.1/common/technology/generic/autopilot/op.gen "
@I [HLS-100] Command 'ap_source' returned 0; elapsed 0Total elapsed time: 12.479 sec.
@I [HLS-100] Command "source C:/Xilinx/Vivado_HLS/2015.1/common/technology/generic/autopilot/op_simcore.gen "
@I [HLS-100] Command 'ap_source' returned 0; elapsed 0.001Total elapsed time: 12.480 sec.
@I [HLS-100] Command "source C:/Xilinx/Vivado_HLS/2015.1/common/technology/generic/autopilot/interface.gen "
@I [HLS-100] Command 'ap_source' returned 0; elapsed 0Total elapsed time: 12.480 sec.
@I [HLS-100] Command "source C:/Users/Justin/Documents/GitHub/fpga-trace/hls/triangle_intersect/tri_intersect/.autopilot/db/global.setting.tcl "
@I [HLS-100] Command 'ap_source' returned 0; elapsed 0.001Total elapsed time: 12.481 sec.
@I [HLS-100] Command "source C:/Xilinx/Vivado_HLS/2015.1/common/technology/xilinx/zynq/zynq.gen "
@I [HLS-100] Command "source C:/Xilinx/Vivado_HLS/2015.1/common/technology/xilinx/common/virtex.gen "
@I [HLS-100] Command "source C:/Xilinx/Vivado_HLS/2015.1/common/technology/xilinx/common/xilinx.gen "
@I [HLS-100] Command "source C:/Xilinx/Vivado_HLS/2015.1/common/technology/xilinx/interface/plb46.gen "
@I [HLS-100] Command 'ap_source' returned 0; elapsed 0.001Total elapsed time: 12.482 sec.
@I [HLS-100] Command "source C:/Xilinx/Vivado_HLS/2015.1/common/technology/xilinx/interface/fsl.gen "
@I [HLS-100] Command 'ap_source' returned 0; elapsed 0.001Total elapsed time: 12.483 sec.
@I [HLS-100] Command "source C:/Xilinx/Vivado_HLS/2015.1/common/technology/xilinx/interface/axi4.gen "
@I [HLS-100] Command 'ap_source' returned 0; elapsed 0.002Total elapsed time: 12.485 sec.
@I [HLS-100] Command "source C:/Xilinx/Vivado_HLS/2015.1/common/technology/xilinx/interface/nativeAXI4.gen "
@I [HLS-100] Command "source C:/Xilinx/Vivado_HLS/2015.1/common/technology/xilinx/interface/saxilite.gen "
@I [HLS-100] Command 'ap_source' returned 0; elapsed 0.002Total elapsed time: 12.487 sec.
@I [HLS-100] Command "source C:/Xilinx/Vivado_HLS/2015.1/common/technology/xilinx/interface/maxi.gen "
@I [HLS-100] Command 'ap_source' returned 0; elapsed 0.006Total elapsed time: 12.493 sec.
@I [HLS-100] Command 'ap_source' returned 0; elapsed 0.008Total elapsed time: 12.493 sec.
@I [HLS-100] Command "source C:/Xilinx/Vivado_HLS/2015.1/common/technology/xilinx/scripts/xilinxcoregen.gen "
@I [HLS-100] Command 'ap_source' returned 0; elapsed 0.008Total elapsed time: 12.501 sec.
@I [HLS-100] Command "source C:/Xilinx/Vivado_HLS/2015.1/common/technology/xilinx/interface/XilEDKCoreGen.gen "
@I [HLS-100] Command 'ap_source' returned 0; elapsed 0.008Total elapsed time: 12.509 sec.
@I [HLS-100] Command "source C:/Xilinx/Vivado_HLS/2015.1/common/technology/xilinx/ip/dds_compiler.gen "
@I [HLS-100] Command 'ap_source' returned 0; elapsed 0.003Total elapsed time: 12.512 sec.
@I [HLS-100] Command "source C:/Xilinx/Vivado_HLS/2015.1/common/technology/xilinx/ip/util.gen "
@I [HLS-100] Command 'ap_source' returned 0; elapsed 0Total elapsed time: 12.512 sec.
@I [HLS-100] Command "source C:/Xilinx/Vivado_HLS/2015.1/common/technology/xilinx/ip/xfft.gen "
@I [HLS-100] Command 'ap_source' returned 0; elapsed 0.076Total elapsed time: 12.588 sec.
@I [HLS-100] Command "source C:/Xilinx/Vivado_HLS/2015.1/common/technology/xilinx/ip/xfir.gen "
@I [HLS-100] Command 'ap_source' returned 0; elapsed 0.024Total elapsed time: 12.612 sec.
@I [HLS-100] Command 'ap_source' returned 0; elapsed 0.131Total elapsed time: 12.612 sec.
@I [HLS-100] Command "source C:/Xilinx/Vivado_HLS/2015.1/common/technology/xilinx/common/dsp48.gen "
@I [HLS-100] Command 'ap_source' returned 0; elapsed 0.001Total elapsed time: 12.613 sec.
@I [HLS-100] Command 'ap_source' returned 0; elapsed 0.132Total elapsed time: 12.613 sec.
@I [HLS-100] Command 'ap_source' returned 0; elapsed 0.132Total elapsed time: 12.613 sec.
@I [HLS-100] Command "source C:/Xilinx/Vivado_HLS/2015.1/common/technology/xilinx/zynq/zynq_fpv6.gen "
@I [HLS-100] Command "source C:/Xilinx/Vivado_HLS/2015.1/common/technology/xilinx/common/xilinx_fpv6.gen "
@I [HLS-100] Command 'ap_source' returned 0; elapsed 0.001Total elapsed time: 12.614 sec.
@I [HLS-100] Command 'ap_source' returned 0; elapsed 0.001Total elapsed time: 12.614 sec.
@I [HLS-100] Command "source C:/Users/Justin/Documents/GitHub/fpga-trace/hls/triangle_intersect/tri_intersect/.autopilot/db/global.setting.tcl "
@I [HLS-100] Command 'ap_source' returned 0; elapsed 0Total elapsed time: 12.617 sec.
@I [HLS-100] Command "source C:/Users/Justin/Documents/GitHub/fpga-trace/hls/triangle_intersect/tri_intersect/.autopilot/db/tri_intersect.compgen.tcl "
@I [HLS-100] Command 'ap_source' returned 0; elapsed 0.028Total elapsed time: 12.646 sec.
@I [HLS-100] Command "source C:/Users/Justin/Documents/GitHub/fpga-trace/hls/triangle_intersect/tri_intersect/.autopilot/db/global.setting.tcl "
@I [HLS-100] Command 'ap_source' returned 0; elapsed 0.001Total elapsed time: 12.694 sec.
@I [HLS-100] Command "source C:/Users/Justin/Documents/GitHub/fpga-trace/hls/triangle_intersect/tri_intersect/.autopilot/db/tri_intersect.constraint.tcl "
@I [HLS-100] Command 'ap_source' returned 0; elapsed 0Total elapsed time: 12.698 sec.
@I [HLS-100] Command "source C:/Xilinx/Vivado_HLS/2015.1/common/technology/generic/autopilot/common.gen "
@I [HLS-100] Command "source C:/Xilinx/Vivado_HLS/2015.1/common/technology/generic/autopilot/APCoreGen.gen "
@I [HLS-100] Command 'ap_source' returned 0; elapsed 0Total elapsed time: 12.708 sec.
@I [HLS-100] Command 'ap_source' returned 0; elapsed 0.002Total elapsed time: 12.708 sec.
@I [HLS-100] Command "source C:/Xilinx/Vivado_HLS/2015.1/common/technology/generic/autopilot/op.gen "
@I [HLS-100] Command 'ap_source' returned 0; elapsed 0Total elapsed time: 12.708 sec.
@I [HLS-100] Command "source C:/Xilinx/Vivado_HLS/2015.1/common/technology/generic/autopilot/op_simcore.gen "
@I [HLS-100] Command 'ap_source' returned 0; elapsed 0.001Total elapsed time: 12.709 sec.
@I [HLS-100] Command "source C:/Xilinx/Vivado_HLS/2015.1/common/technology/generic/autopilot/interface.gen "
@I [HLS-100] Command 'ap_source' returned 0; elapsed 0Total elapsed time: 12.709 sec.
@I [HLS-100] Command "source C:/Users/Justin/Documents/GitHub/fpga-trace/hls/triangle_intersect/tri_intersect/.autopilot/db/global.setting.tcl "
@I [HLS-100] Command 'ap_source' returned 0; elapsed 0Total elapsed time: 12.710 sec.
@I [HLS-100] Command "source C:/Xilinx/Vivado_HLS/2015.1/common/technology/xilinx/zynq/zynq.gen "
@I [HLS-100] Command "source C:/Xilinx/Vivado_HLS/2015.1/common/technology/xilinx/common/virtex.gen "
@I [HLS-100] Command "source C:/Xilinx/Vivado_HLS/2015.1/common/technology/xilinx/common/xilinx.gen "
@I [HLS-100] Command "source C:/Xilinx/Vivado_HLS/2015.1/common/technology/xilinx/interface/plb46.gen "
@I [HLS-100] Command 'ap_source' returned 0; elapsed 0.001Total elapsed time: 12.711 sec.
@I [HLS-100] Command "source C:/Xilinx/Vivado_HLS/2015.1/common/technology/xilinx/interface/fsl.gen "
@I [HLS-100] Command 'ap_source' returned 0; elapsed 0Total elapsed time: 12.712 sec.
@I [HLS-100] Command "source C:/Xilinx/Vivado_HLS/2015.1/common/technology/xilinx/interface/axi4.gen "
@I [HLS-100] Command 'ap_source' returned 0; elapsed 0.002Total elapsed time: 12.714 sec.
@I [HLS-100] Command "source C:/Xilinx/Vivado_HLS/2015.1/common/technology/xilinx/interface/nativeAXI4.gen "
@I [HLS-100] Command "source C:/Xilinx/Vivado_HLS/2015.1/common/technology/xilinx/interface/saxilite.gen "
@I [HLS-100] Command 'ap_source' returned 0; elapsed 0.003Total elapsed time: 12.716 sec.
@I [HLS-100] Command "source C:/Xilinx/Vivado_HLS/2015.1/common/technology/xilinx/interface/maxi.gen "
@I [HLS-100] Command 'ap_source' returned 0; elapsed 0.006Total elapsed time: 12.722 sec.
@I [HLS-100] Command 'ap_source' returned 0; elapsed 0.009Total elapsed time: 12.722 sec.
@I [HLS-100] Command "source C:/Xilinx/Vivado_HLS/2015.1/common/technology/xilinx/scripts/xilinxcoregen.gen "
@I [HLS-100] Command 'ap_source' returned 0; elapsed 0.008Total elapsed time: 12.730 sec.
@I [HLS-100] Command "source C:/Xilinx/Vivado_HLS/2015.1/common/technology/xilinx/interface/XilEDKCoreGen.gen "
@I [HLS-100] Command 'ap_source' returned 0; elapsed 0.009Total elapsed time: 12.739 sec.
@I [HLS-100] Command "source C:/Xilinx/Vivado_HLS/2015.1/common/technology/xilinx/ip/dds_compiler.gen "
@I [HLS-100] Command 'ap_source' returned 0; elapsed 0.004Total elapsed time: 12.744 sec.
@I [HLS-100] Command "source C:/Xilinx/Vivado_HLS/2015.1/common/technology/xilinx/ip/util.gen "
@I [HLS-100] Command 'ap_source' returned 0; elapsed 0Total elapsed time: 12.744 sec.
@I [HLS-100] Command "source C:/Xilinx/Vivado_HLS/2015.1/common/technology/xilinx/ip/xfft.gen "
@I [HLS-100] Command 'ap_source' returned 0; elapsed 0.077Total elapsed time: 12.821 sec.
@I [HLS-100] Command "source C:/Xilinx/Vivado_HLS/2015.1/common/technology/xilinx/ip/xfir.gen "
@I [HLS-100] Command 'ap_source' returned 0; elapsed 0.023Total elapsed time: 12.844 sec.
@I [HLS-100] Command 'ap_source' returned 0; elapsed 0.133Total elapsed time: 12.844 sec.
@I [HLS-100] Command "source C:/Xilinx/Vivado_HLS/2015.1/common/technology/xilinx/common/dsp48.gen "
@I [HLS-100] Command 'ap_source' returned 0; elapsed 0Total elapsed time: 12.845 sec.
@I [HLS-100] Command 'ap_source' returned 0; elapsed 0.134Total elapsed time: 12.845 sec.
@I [HLS-100] Command 'ap_source' returned 0; elapsed 0.134Total elapsed time: 12.845 sec.
@I [HLS-100] Command "source C:/Xilinx/Vivado_HLS/2015.1/common/technology/xilinx/zynq/zynq_fpv6.gen "
@I [HLS-100] Command "source C:/Xilinx/Vivado_HLS/2015.1/common/technology/xilinx/common/xilinx_fpv6.gen "
@I [HLS-100] Command 'ap_source' returned 0; elapsed 0.002Total elapsed time: 12.847 sec.
@I [HLS-100] Command 'ap_source' returned 0; elapsed 0.002Total elapsed time: 12.847 sec.
@I [HLS-100] Command "source C:/Users/Justin/Documents/GitHub/fpga-trace/hls/triangle_intersect/tri_intersect/.autopilot/db/global.setting.tcl "
@I [HLS-100] Command 'ap_source' returned 0; elapsed 0.001Total elapsed time: 12.865 sec.
@I [HLS-100] Command "source C:/Users/Justin/Documents/GitHub/fpga-trace/hls/triangle_intersect/tri_intersect/.autopilot/db/global.setting.tcl "
@I [HLS-100] Command 'ap_source' returned 0; elapsed 0.001Total elapsed time: 18.101 sec.
@I [HLS-100] Command "source C:/Xilinx/Vivado_HLS/2015.1/common/technology/generic/autopilot/common.gen "
@I [HLS-100] Command "source C:/Xilinx/Vivado_HLS/2015.1/common/technology/generic/autopilot/APCoreGen.gen "
@I [HLS-100] Command 'ap_source' returned 0; elapsed 0.001Total elapsed time: 18.106 sec.
@I [HLS-100] Command 'ap_source' returned 0; elapsed 0.002Total elapsed time: 18.106 sec.
@I [HLS-100] Command "source C:/Xilinx/Vivado_HLS/2015.1/common/technology/generic/autopilot/op.gen "
@I [HLS-100] Command 'ap_source' returned 0; elapsed 0.001Total elapsed time: 18.107 sec.
@I [HLS-100] Command "source C:/Xilinx/Vivado_HLS/2015.1/common/technology/generic/autopilot/op_simcore.gen "
@I [HLS-100] Command 'ap_source' returned 0; elapsed 0.001Total elapsed time: 18.108 sec.
@I [HLS-100] Command "source C:/Xilinx/Vivado_HLS/2015.1/common/technology/generic/autopilot/interface.gen "
@I [HLS-100] Command 'ap_source' returned 0; elapsed 0Total elapsed time: 18.109 sec.
@I [HLS-100] Command "source C:/Users/Justin/Documents/GitHub/fpga-trace/hls/triangle_intersect/tri_intersect/.autopilot/db/global.setting.tcl "
@I [HLS-100] Command 'ap_source' returned 0; elapsed 0.004Total elapsed time: 18.113 sec.
@I [HLS-100] Command "source C:/Xilinx/Vivado_HLS/2015.1/common/technology/xilinx/zynq/zynq.gen "
@I [HLS-100] Command "source C:/Xilinx/Vivado_HLS/2015.1/common/technology/xilinx/common/virtex.gen "
@I [HLS-100] Command "source C:/Xilinx/Vivado_HLS/2015.1/common/technology/xilinx/common/xilinx.gen "
@I [HLS-100] Command "source C:/Xilinx/Vivado_HLS/2015.1/common/technology/xilinx/interface/plb46.gen "
@I [HLS-100] Command 'ap_source' returned 0; elapsed 0.001Total elapsed time: 18.115 sec.
@I [HLS-100] Command "source C:/Xilinx/Vivado_HLS/2015.1/common/technology/xilinx/interface/fsl.gen "
@I [HLS-100] Command 'ap_source' returned 0; elapsed 0.001Total elapsed time: 18.115 sec.
@I [HLS-100] Command "source C:/Xilinx/Vivado_HLS/2015.1/common/technology/xilinx/interface/axi4.gen "
@I [HLS-100] Command 'ap_source' returned 0; elapsed 0.001Total elapsed time: 18.117 sec.
@I [HLS-100] Command "source C:/Xilinx/Vivado_HLS/2015.1/common/technology/xilinx/interface/nativeAXI4.gen "
@I [HLS-100] Command "source C:/Xilinx/Vivado_HLS/2015.1/common/technology/xilinx/interface/saxilite.gen "
@I [HLS-100] Command 'ap_source' returned 0; elapsed 0.003Total elapsed time: 18.119 sec.
@I [HLS-100] Command "source C:/Xilinx/Vivado_HLS/2015.1/common/technology/xilinx/interface/maxi.gen "
@I [HLS-100] Command 'ap_source' returned 0; elapsed 0.005Total elapsed time: 18.125 sec.
@I [HLS-100] Command 'ap_source' returned 0; elapsed 0.008Total elapsed time: 18.125 sec.
@I [HLS-100] Command "source C:/Xilinx/Vivado_HLS/2015.1/common/technology/xilinx/scripts/xilinxcoregen.gen "
@I [HLS-100] Command 'ap_source' returned 0; elapsed 0.008Total elapsed time: 18.133 sec.
@I [HLS-100] Command "source C:/Xilinx/Vivado_HLS/2015.1/common/technology/xilinx/interface/XilEDKCoreGen.gen "
@I [HLS-100] Command 'ap_source' returned 0; elapsed 0.007Total elapsed time: 18.140 sec.
@I [HLS-100] Command "source C:/Xilinx/Vivado_HLS/2015.1/common/technology/xilinx/ip/dds_compiler.gen "
@I [HLS-100] Command 'ap_source' returned 0; elapsed 0.004Total elapsed time: 18.144 sec.
@I [HLS-100] Command "source C:/Xilinx/Vivado_HLS/2015.1/common/technology/xilinx/ip/util.gen "
@I [HLS-100] Command 'ap_source' returned 0; elapsed 0Total elapsed time: 18.144 sec.
@I [HLS-100] Command "source C:/Xilinx/Vivado_HLS/2015.1/common/technology/xilinx/ip/xfft.gen "
@I [HLS-100] Command 'ap_source' returned 0; elapsed 0.073Total elapsed time: 18.217 sec.
@I [HLS-100] Command "source C:/Xilinx/Vivado_HLS/2015.1/common/technology/xilinx/ip/xfir.gen "
@I [HLS-100] Command 'ap_source' returned 0; elapsed 0.027Total elapsed time: 18.244 sec.
@I [HLS-100] Command 'ap_source' returned 0; elapsed 0.13Total elapsed time: 18.244 sec.
@I [HLS-100] Command "source C:/Xilinx/Vivado_HLS/2015.1/common/technology/xilinx/common/dsp48.gen "
@I [HLS-100] Command 'ap_source' returned 0; elapsed 0Total elapsed time: 18.245 sec.
@I [HLS-100] Command 'ap_source' returned 0; elapsed 0.132Total elapsed time: 18.246 sec.
@I [HLS-100] Command 'ap_source' returned 0; elapsed 0.132Total elapsed time: 18.246 sec.
@I [HLS-100] Command "source C:/Xilinx/Vivado_HLS/2015.1/common/technology/xilinx/zynq/zynq_fpv6.gen "
@I [HLS-100] Command "source C:/Xilinx/Vivado_HLS/2015.1/common/technology/xilinx/common/xilinx_fpv6.gen "
@I [HLS-100] Command 'ap_source' returned 0; elapsed 0.001Total elapsed time: 18.247 sec.
@I [HLS-100] Command 'ap_source' returned 0; elapsed 0.001Total elapsed time: 18.247 sec.
@I [HLS-100] Command "source C:/Users/Justin/Documents/GitHub/fpga-trace/hls/triangle_intersect/tri_intersect/.autopilot/db/global.setting.tcl "
@I [HLS-100] Command 'ap_source' returned 0; elapsed 0Total elapsed time: 18.248 sec.
@I [HLS-100] Command "source C:/Users/Justin/Documents/GitHub/fpga-trace/hls/triangle_intersect/tri_intersect/.autopilot/db/global.setting.tcl "
@I [HLS-100] Command 'ap_source' returned 0; elapsed 0.004Total elapsed time: 18.253 sec.
@I [HLS-100] Command "source C:/Users/Justin/Documents/GitHub/fpga-trace/hls/triangle_intersect/tri_intersect/.autopilot/db/global.setting.tcl "
@I [HLS-100] Command 'ap_source' returned 0; elapsed 0.001Total elapsed time: 18.261 sec.
@I [HLS-100] Command "source C:/Xilinx/Vivado_HLS/2015.1/common/technology/generic/autopilot/common.gen "
@I [HLS-100] Command "source C:/Xilinx/Vivado_HLS/2015.1/common/technology/generic/autopilot/APCoreGen.gen "
@I [HLS-100] Command 'ap_source' returned 0; elapsed 0Total elapsed time: 18.263 sec.
@I [HLS-100] Command 'ap_source' returned 0; elapsed 0.001Total elapsed time: 18.263 sec.
@I [HLS-100] Command "source C:/Xilinx/Vivado_HLS/2015.1/common/technology/generic/autopilot/op.gen "
@I [HLS-100] Command 'ap_source' returned 0; elapsed 0.001Total elapsed time: 18.264 sec.
@I [HLS-100] Command "source C:/Xilinx/Vivado_HLS/2015.1/common/technology/generic/autopilot/op_simcore.gen "
@I [HLS-100] Command 'ap_source' returned 0; elapsed 0.001Total elapsed time: 18.265 sec.
@I [HLS-100] Command "source C:/Xilinx/Vivado_HLS/2015.1/common/technology/generic/autopilot/interface.gen "
@I [HLS-100] Command 'ap_source' returned 0; elapsed 0Total elapsed time: 18.265 sec.
@I [HLS-100] Command "source C:/Users/Justin/Documents/GitHub/fpga-trace/hls/triangle_intersect/tri_intersect/.autopilot/db/global.setting.tcl "
@I [HLS-100] Command 'ap_source' returned 0; elapsed 0Total elapsed time: 18.265 sec.
@I [HLS-100] Command "source C:/Xilinx/Vivado_HLS/2015.1/common/technology/xilinx/zynq/zynq.gen "
@I [HLS-100] Command "source C:/Xilinx/Vivado_HLS/2015.1/common/technology/xilinx/common/virtex.gen "
@I [HLS-100] Command "source C:/Xilinx/Vivado_HLS/2015.1/common/technology/xilinx/common/xilinx.gen "
@I [HLS-100] Command "source C:/Xilinx/Vivado_HLS/2015.1/common/technology/xilinx/interface/plb46.gen "
@I [HLS-100] Command 'ap_source' returned 0; elapsed 0.001Total elapsed time: 18.267 sec.
@I [HLS-100] Command "source C:/Xilinx/Vivado_HLS/2015.1/common/technology/xilinx/interface/fsl.gen "
@I [HLS-100] Command 'ap_source' returned 0; elapsed 0Total elapsed time: 18.267 sec.
@I [HLS-100] Command "source C:/Xilinx/Vivado_HLS/2015.1/common/technology/xilinx/interface/axi4.gen "
@I [HLS-100] Command 'ap_source' returned 0; elapsed 0.002Total elapsed time: 18.269 sec.
@I [HLS-100] Command "source C:/Xilinx/Vivado_HLS/2015.1/common/technology/xilinx/interface/nativeAXI4.gen "
@I [HLS-100] Command "source C:/Xilinx/Vivado_HLS/2015.1/common/technology/xilinx/interface/saxilite.gen "
@I [HLS-100] Command 'ap_source' returned 0; elapsed 0.003Total elapsed time: 18.272 sec.
@I [HLS-100] Command "source C:/Xilinx/Vivado_HLS/2015.1/common/technology/xilinx/interface/maxi.gen "
@I [HLS-100] Command 'ap_source' returned 0; elapsed 0.005Total elapsed time: 18.277 sec.
@I [HLS-100] Command 'ap_source' returned 0; elapsed 0.008Total elapsed time: 18.277 sec.
@I [HLS-100] Command "source C:/Xilinx/Vivado_HLS/2015.1/common/technology/xilinx/scripts/xilinxcoregen.gen "
@I [HLS-100] Command 'ap_source' returned 0; elapsed 0.008Total elapsed time: 18.285 sec.
@I [HLS-100] Command "source C:/Xilinx/Vivado_HLS/2015.1/common/technology/xilinx/interface/XilEDKCoreGen.gen "
@I [HLS-100] Command 'ap_source' returned 0; elapsed 0.012Total elapsed time: 18.297 sec.
@I [HLS-100] Command "source C:/Xilinx/Vivado_HLS/2015.1/common/technology/xilinx/ip/dds_compiler.gen "
@I [HLS-100] Command 'ap_source' returned 0; elapsed 0.003Total elapsed time: 18.300 sec.
@I [HLS-100] Command "source C:/Xilinx/Vivado_HLS/2015.1/common/technology/xilinx/ip/util.gen "
@I [HLS-100] Command 'ap_source' returned 0; elapsed 0.001Total elapsed time: 18.301 sec.
@I [HLS-100] Command "source C:/Xilinx/Vivado_HLS/2015.1/common/technology/xilinx/ip/xfft.gen "
@I [HLS-100] Command 'ap_source' returned 0; elapsed 0.076Total elapsed time: 18.377 sec.
@I [HLS-100] Command "source C:/Xilinx/Vivado_HLS/2015.1/common/technology/xilinx/ip/xfir.gen "
@I [HLS-100] Command 'ap_source' returned 0; elapsed 0.026Total elapsed time: 18.403 sec.
@I [HLS-100] Command 'ap_source' returned 0; elapsed 0.137Total elapsed time: 18.403 sec.
@I [HLS-100] Command "source C:/Xilinx/Vivado_HLS/2015.1/common/technology/xilinx/common/dsp48.gen "
@I [HLS-100] Command 'ap_source' returned 0; elapsed 0Total elapsed time: 18.404 sec.
@I [HLS-100] Command 'ap_source' returned 0; elapsed 0.139Total elapsed time: 18.404 sec.
@I [HLS-100] Command 'ap_source' returned 0; elapsed 0.139Total elapsed time: 18.404 sec.
@I [HLS-100] Command "source C:/Xilinx/Vivado_HLS/2015.1/common/technology/xilinx/zynq/zynq_fpv6.gen "
@I [HLS-100] Command "source C:/Xilinx/Vivado_HLS/2015.1/common/technology/xilinx/common/xilinx_fpv6.gen "
@I [HLS-100] Command 'ap_source' returned 0; elapsed 0.002Total elapsed time: 18.406 sec.
@I [HLS-100] Command 'ap_source' returned 0; elapsed 0.002Total elapsed time: 18.406 sec.
@I [HLS-100] Command "source C:/Users/Justin/Documents/GitHub/fpga-trace/hls/triangle_intersect/tri_intersect/.autopilot/db/global.setting.tcl "
@I [HLS-100] Command 'ap_source' returned 0; elapsed 0Total elapsed time: 18.409 sec.
@I [HLS-100] Command "source C:/Users/Justin/Documents/GitHub/fpga-trace/hls/triangle_intersect/tri_intersect/.autopilot/db/tri_intersect.compgen.tcl "
@I [HLS-100] Command 'ap_source' returned 0; elapsed 0.034Total elapsed time: 18.444 sec.
@I [HLS-100] Command "source C:/Users/Justin/Documents/GitHub/fpga-trace/hls/triangle_intersect/tri_intersect/.autopilot/db/global.setting.tcl "
@I [HLS-100] Command 'ap_source' returned 0; elapsed 0Total elapsed time: 18.507 sec.
@I [HLS-100] Command "source C:/Users/Justin/Documents/GitHub/fpga-trace/hls/triangle_intersect/tri_intersect/.autopilot/db/tri_intersect.constraint.tcl "
@I [HLS-100] Command 'ap_source' returned 0; elapsed 0.001Total elapsed time: 18.509 sec.
@I [HLS-100] Command "source C:/Xilinx/Vivado_HLS/2015.1/common/technology/generic/autopilot/common.gen "
@I [HLS-100] Command "source C:/Xilinx/Vivado_HLS/2015.1/common/technology/generic/autopilot/APCoreGen.gen "
@I [HLS-100] Command 'ap_source' returned 0; elapsed 0Total elapsed time: 18.523 sec.
@I [HLS-100] Command 'ap_source' returned 0; elapsed 0.001Total elapsed time: 18.523 sec.
@I [HLS-100] Command "source C:/Xilinx/Vivado_HLS/2015.1/common/technology/generic/autopilot/op.gen "
@I [HLS-100] Command 'ap_source' returned 0; elapsed 0Total elapsed time: 18.524 sec.
@I [HLS-100] Command "source C:/Xilinx/Vivado_HLS/2015.1/common/technology/generic/autopilot/op_simcore.gen "
@I [HLS-100] Command 'ap_source' returned 0; elapsed 0.001Total elapsed time: 18.525 sec.
@I [HLS-100] Command "source C:/Xilinx/Vivado_HLS/2015.1/common/technology/generic/autopilot/interface.gen "
@I [HLS-100] Command 'ap_source' returned 0; elapsed 0Total elapsed time: 18.525 sec.
@I [HLS-100] Command "source C:/Users/Justin/Documents/GitHub/fpga-trace/hls/triangle_intersect/tri_intersect/.autopilot/db/global.setting.tcl "
@I [HLS-100] Command 'ap_source' returned 0; elapsed 0.001Total elapsed time: 18.525 sec.
@I [HLS-100] Command "source C:/Xilinx/Vivado_HLS/2015.1/common/technology/xilinx/zynq/zynq.gen "
@I [HLS-100] Command "source C:/Xilinx/Vivado_HLS/2015.1/common/technology/xilinx/common/virtex.gen "
@I [HLS-100] Command "source C:/Xilinx/Vivado_HLS/2015.1/common/technology/xilinx/common/xilinx.gen "
@I [HLS-100] Command "source C:/Xilinx/Vivado_HLS/2015.1/common/technology/xilinx/interface/plb46.gen "
@I [HLS-100] Command 'ap_source' returned 0; elapsed 0.001Total elapsed time: 18.527 sec.
@I [HLS-100] Command "source C:/Xilinx/Vivado_HLS/2015.1/common/technology/xilinx/interface/fsl.gen "
@I [HLS-100] Command 'ap_source' returned 0; elapsed 0.001Total elapsed time: 18.527 sec.
@I [HLS-100] Command "source C:/Xilinx/Vivado_HLS/2015.1/common/technology/xilinx/interface/axi4.gen "
@I [HLS-100] Command 'ap_source' returned 0; elapsed 0.001Total elapsed time: 18.529 sec.
@I [HLS-100] Command "source C:/Xilinx/Vivado_HLS/2015.1/common/technology/xilinx/interface/nativeAXI4.gen "
@I [HLS-100] Command "source C:/Xilinx/Vivado_HLS/2015.1/common/technology/xilinx/interface/saxilite.gen "
@I [HLS-100] Command 'ap_source' returned 0; elapsed 0.003Total elapsed time: 18.531 sec.
@I [HLS-100] Command "source C:/Xilinx/Vivado_HLS/2015.1/common/technology/xilinx/interface/maxi.gen "
@I [HLS-100] Command 'ap_source' returned 0; elapsed 0.005Total elapsed time: 18.537 sec.
@I [HLS-100] Command 'ap_source' returned 0; elapsed 0.008Total elapsed time: 18.537 sec.
@I [HLS-100] Command "source C:/Xilinx/Vivado_HLS/2015.1/common/technology/xilinx/scripts/xilinxcoregen.gen "
@I [HLS-100] Command 'ap_source' returned 0; elapsed 0.009Total elapsed time: 18.545 sec.
@I [HLS-100] Command "source C:/Xilinx/Vivado_HLS/2015.1/common/technology/xilinx/interface/XilEDKCoreGen.gen "
@I [HLS-100] Command 'ap_source' returned 0; elapsed 0.006Total elapsed time: 18.552 sec.
@I [HLS-100] Command "source C:/Xilinx/Vivado_HLS/2015.1/common/technology/xilinx/ip/dds_compiler.gen "
@I [HLS-100] Command 'ap_source' returned 0; elapsed 0.003Total elapsed time: 18.555 sec.
@I [HLS-100] Command "source C:/Xilinx/Vivado_HLS/2015.1/common/technology/xilinx/ip/util.gen "
@I [HLS-100] Command 'ap_source' returned 0; elapsed 0Total elapsed time: 18.556 sec.
@I [HLS-100] Command "source C:/Xilinx/Vivado_HLS/2015.1/common/technology/xilinx/ip/xfft.gen "
@I [HLS-100] Command 'ap_source' returned 0; elapsed 0.075Total elapsed time: 18.630 sec.
@I [HLS-100] Command "source C:/Xilinx/Vivado_HLS/2015.1/common/technology/xilinx/ip/xfir.gen "
@I [HLS-100] Command 'ap_source' returned 0; elapsed 0.024Total elapsed time: 18.655 sec.
@I [HLS-100] Command 'ap_source' returned 0; elapsed 0.129Total elapsed time: 18.655 sec.
@I [HLS-100] Command "source C:/Xilinx/Vivado_HLS/2015.1/common/technology/xilinx/common/dsp48.gen "
@I [HLS-100] Command 'ap_source' returned 0; elapsed 0.001Total elapsed time: 18.657 sec.
@I [HLS-100] Command 'ap_source' returned 0; elapsed 0.131Total elapsed time: 18.657 sec.
@I [HLS-100] Command 'ap_source' returned 0; elapsed 0.131Total elapsed time: 18.657 sec.
@I [HLS-100] Command "source C:/Xilinx/Vivado_HLS/2015.1/common/technology/xilinx/zynq/zynq_fpv6.gen "
@I [HLS-100] Command "source C:/Xilinx/Vivado_HLS/2015.1/common/technology/xilinx/common/xilinx_fpv6.gen "
@I [HLS-100] Command 'ap_source' returned 0; elapsed 0.002Total elapsed time: 18.659 sec.
@I [HLS-100] Command 'ap_source' returned 0; elapsed 0.002Total elapsed time: 18.659 sec.
@I [HLS-100] Command "source C:/Users/Justin/Documents/GitHub/fpga-trace/hls/triangle_intersect/tri_intersect/.autopilot/db/global.setting.tcl "
@I [HLS-100] Command 'ap_source' returned 0; elapsed 0Total elapsed time: 18.678 sec.
@I [HLS-100] Command 'export_design' returned 0; elapsed 23.782Total elapsed time: 24.369 sec.
@I [HLS-100] Command 'ap_source' returned 0; elapsed 24.016Total elapsed time: 24.369 sec.
@I [HLS-100] Command "cleanup_all "
@I [HLS-100] Command 'cleanup_all' returned 0; elapsed 0Total elapsed time: 24.369 sec.
